<?xml version="1.0" encoding="UTF-8"?>
<testsuite xmlns:xsi="http://www.w3.org/2001/XMLSchema-instance" xsi:noNamespaceSchemaLocation="https://maven.apache.org/surefire/maven-surefire-plugin/xsd/surefire-test-report.xsd" name="TestSuite" time="18.809" tests="1" errors="0" skipped="0" failures="0">
  <properties>
    <property name="sun.desktop" value="gnome"/>
    <property name="awt.toolkit" value="sun.awt.X11.XToolkit"/>
    <property name="java.specification.version" value="11"/>
    <property name="sun.cpu.isalist" value=""/>
    <property name="sun.jnu.encoding" value="UTF-8"/>
    <property name="java.class.path" value="/home/rmuruge/eclipse-workspace/cucumber-project/selenium-cucumber-framework/target/test-classes:/home/rmuruge/eclipse-workspace/cucumber-project/selenium-cucumber-framework/target/classes:/home/rmuruge/.m2/repository/org/testng/testng/7.1.0/testng-7.1.0.jar:/home/rmuruge/.m2/repository/com/google/inject/guice/4.1.0/guice-4.1.0-no_aop.jar:/home/rmuruge/.m2/repository/javax/inject/javax.inject/1/javax.inject-1.jar:/home/rmuruge/.m2/repository/aopalliance/aopalliance/1.0/aopalliance-1.0.jar:/home/rmuruge/.m2/repository/org/yaml/snakeyaml/1.21/snakeyaml-1.21.jar:/home/rmuruge/.m2/repository/ru/stqa/selenium/webdriver-factory/4.3/webdriver-factory-4.3.jar:/home/rmuruge/.m2/repository/org/hamcrest/java-hamcrest/2.0.0.0/java-hamcrest-2.0.0.0.jar:/home/rmuruge/.m2/repository/org/seleniumhq/selenium/selenium-java/3.141.59/selenium-java-3.141.59.jar:/home/rmuruge/.m2/repository/org/seleniumhq/selenium/selenium-api/3.141.59/selenium-api-3.141.59.jar:/home/rmuruge/.m2/repository/org/seleniumhq/selenium/selenium-chrome-driver/3.141.59/selenium-chrome-driver-3.141.59.jar:/home/rmuruge/.m2/repository/org/seleniumhq/selenium/selenium-edge-driver/3.141.59/selenium-edge-driver-3.141.59.jar:/home/rmuruge/.m2/repository/org/seleniumhq/selenium/selenium-firefox-driver/3.141.59/selenium-firefox-driver-3.141.59.jar:/home/rmuruge/.m2/repository/org/seleniumhq/selenium/selenium-ie-driver/3.141.59/selenium-ie-driver-3.141.59.jar:/home/rmuruge/.m2/repository/org/seleniumhq/selenium/selenium-opera-driver/3.141.59/selenium-opera-driver-3.141.59.jar:/home/rmuruge/.m2/repository/org/seleniumhq/selenium/selenium-remote-driver/3.141.59/selenium-remote-driver-3.141.59.jar:/home/rmuruge/.m2/repository/org/seleniumhq/selenium/selenium-safari-driver/3.141.59/selenium-safari-driver-3.141.59.jar:/home/rmuruge/.m2/repository/org/seleniumhq/selenium/selenium-support/3.141.59/selenium-support-3.141.59.jar:/home/rmuruge/.m2/repository/net/bytebuddy/byte-buddy/1.8.15/byte-buddy-1.8.15.jar:/home/rmuruge/.m2/repository/org/apache/commons/commons-exec/1.3/commons-exec-1.3.jar:/home/rmuruge/.m2/repository/com/google/guava/guava/25.0-jre/guava-25.0-jre.jar:/home/rmuruge/.m2/repository/com/google/code/findbugs/jsr305/1.3.9/jsr305-1.3.9.jar:/home/rmuruge/.m2/repository/org/checkerframework/checker-compat-qual/2.0.0/checker-compat-qual-2.0.0.jar:/home/rmuruge/.m2/repository/com/google/errorprone/error_prone_annotations/2.1.3/error_prone_annotations-2.1.3.jar:/home/rmuruge/.m2/repository/com/google/j2objc/j2objc-annotations/1.1/j2objc-annotations-1.1.jar:/home/rmuruge/.m2/repository/org/codehaus/mojo/animal-sniffer-annotations/1.14/animal-sniffer-annotations-1.14.jar:/home/rmuruge/.m2/repository/com/squareup/okhttp3/okhttp/3.11.0/okhttp-3.11.0.jar:/home/rmuruge/.m2/repository/com/squareup/okio/okio/1.14.0/okio-1.14.0.jar:/home/rmuruge/.m2/repository/log4j/log4j/1.2.17/log4j-1.2.17.jar:/home/rmuruge/.m2/repository/com/beust/jcommander/1.72/jcommander-1.72.jar:/home/rmuruge/.m2/repository/io/cucumber/cucumber-html/0.2.7/cucumber-html-0.2.7.jar:/home/rmuruge/.m2/repository/net/masterthought/cucumber-reporting/5.3.0/cucumber-reporting-5.3.0.jar:/home/rmuruge/.m2/repository/com/fasterxml/jackson/core/jackson-databind/2.10.1/jackson-databind-2.10.1.jar:/home/rmuruge/.m2/repository/com/fasterxml/jackson/core/jackson-annotations/2.10.1/jackson-annotations-2.10.1.jar:/home/rmuruge/.m2/repository/com/fasterxml/jackson/core/jackson-core/2.10.1/jackson-core-2.10.1.jar:/home/rmuruge/.m2/repository/com/fasterxml/jackson/datatype/jackson-datatype-jsr310/2.10.1/jackson-datatype-jsr310-2.10.1.jar:/home/rmuruge/.m2/repository/org/apache/velocity/velocity-engine-core/2.1/velocity-engine-core-2.1.jar:/home/rmuruge/.m2/repository/org/slf4j/slf4j-api/1.7.26/slf4j-api-1.7.26.jar:/home/rmuruge/.m2/repository/commons-collections/commons-collections/3.2.2/commons-collections-3.2.2.jar:/home/rmuruge/.m2/repository/joda-time/joda-time/2.10.5/joda-time-2.10.5.jar:/home/rmuruge/.m2/repository/org/apache/commons/commons-lang3/3.9/commons-lang3-3.9.jar:/home/rmuruge/.m2/repository/commons-io/commons-io/2.6/commons-io-2.6.jar:/home/rmuruge/.m2/repository/org/codehaus/plexus/plexus-utils/3.3.0/plexus-utils-3.3.0.jar:/home/rmuruge/.m2/repository/org/jsoup/jsoup/1.12.1/jsoup-1.12.1.jar:/home/rmuruge/.m2/repository/com/googlecode/owasp-java-html-sanitizer/owasp-java-html-sanitizer/20191001.1/owasp-java-html-sanitizer-20191001.1.jar:/home/rmuruge/.m2/repository/commons-configuration/commons-configuration/1.10/commons-configuration-1.10.jar:/home/rmuruge/.m2/repository/commons-lang/commons-lang/2.6/commons-lang-2.6.jar:/home/rmuruge/.m2/repository/commons-logging/commons-logging/1.1.1/commons-logging-1.1.1.jar:/home/rmuruge/.m2/repository/io/cucumber/cucumber-testng/6.5.1/cucumber-testng-6.5.1.jar:/home/rmuruge/.m2/repository/org/apiguardian/apiguardian-api/1.1.0/apiguardian-api-1.1.0.jar:/home/rmuruge/.m2/repository/io/cucumber/cucumber-junit/6.5.1/cucumber-junit-6.5.1.jar:/home/rmuruge/.m2/repository/junit/junit/4.13/junit-4.13.jar:/home/rmuruge/.m2/repository/org/hamcrest/hamcrest-core/1.3/hamcrest-core-1.3.jar:/home/rmuruge/.m2/repository/io/cucumber/cucumber-core/6.5.1/cucumber-core-6.5.1.jar:/home/rmuruge/.m2/repository/io/cucumber/cucumber-gherkin/6.5.1/cucumber-gherkin-6.5.1.jar:/home/rmuruge/.m2/repository/io/cucumber/cucumber-gherkin-messages/6.5.1/cucumber-gherkin-messages-6.5.1.jar:/home/rmuruge/.m2/repository/io/cucumber/messages/13.0.1/messages-13.0.1.jar:/home/rmuruge/.m2/repository/io/cucumber/tag-expressions/3.0.0/tag-expressions-3.0.0.jar:/home/rmuruge/.m2/repository/io/cucumber/cucumber-expressions/10.3.0/cucumber-expressions-10.3.0.jar:/home/rmuruge/.m2/repository/io/cucumber/datatable/3.4.0/datatable-3.4.0.jar:/home/rmuruge/.m2/repository/io/cucumber/cucumber-plugin/6.5.1/cucumber-plugin-6.5.1.jar:/home/rmuruge/.m2/repository/io/cucumber/docstring/6.5.1/docstring-6.5.1.jar:/home/rmuruge/.m2/repository/io/cucumber/html-formatter/9.0.0/html-formatter-9.0.0.jar:/home/rmuruge/.m2/repository/io/cucumber/create-meta/2.0.1/create-meta-2.0.1.jar:/home/rmuruge/.m2/repository/io/cucumber/cucumber-java/6.5.1/cucumber-java-6.5.1.jar:/home/rmuruge/.m2/repository/io/cucumber/gherkin/15.0.2/gherkin-15.0.2.jar:"/>
    <property name="java.vm.vendor" value="Ubuntu"/>
    <property name="sun.arch.data.model" value="64"/>
    <property name="application.properties" value="/application.properties"/>
    <property name="java.vendor.url" value="https://ubuntu.com/"/>
    <property name="user.timezone" value=""/>
    <property name="java.vm.specification.version" value="11"/>
    <property name="os.name" value="Linux"/>
    <property name="sun.java.launcher" value="SUN_STANDARD"/>
    <property name="user.country" value="US"/>
    <property name="sun.boot.library.path" value="/usr/lib/jvm/java-11-openjdk-amd64/lib"/>
    <property name="sun.java.command" value="/home/rmuruge/eclipse-workspace/cucumber-project/selenium-cucumber-framework/target/surefire/surefirebooter7417400905187443178.jar /home/rmuruge/eclipse-workspace/cucumber-project/selenium-cucumber-framework/target/surefire 2020-08-24T02-15-51_180-jvmRun1 surefire12393900209797569209tmp surefire_01676287836967763745tmp"/>
    <property name="jdk.debug" value="release"/>
    <property name="surefire.test.class.path" value="/home/rmuruge/eclipse-workspace/cucumber-project/selenium-cucumber-framework/target/test-classes:/home/rmuruge/eclipse-workspace/cucumber-project/selenium-cucumber-framework/target/classes:/home/rmuruge/.m2/repository/org/testng/testng/7.1.0/testng-7.1.0.jar:/home/rmuruge/.m2/repository/com/google/inject/guice/4.1.0/guice-4.1.0-no_aop.jar:/home/rmuruge/.m2/repository/javax/inject/javax.inject/1/javax.inject-1.jar:/home/rmuruge/.m2/repository/aopalliance/aopalliance/1.0/aopalliance-1.0.jar:/home/rmuruge/.m2/repository/org/yaml/snakeyaml/1.21/snakeyaml-1.21.jar:/home/rmuruge/.m2/repository/ru/stqa/selenium/webdriver-factory/4.3/webdriver-factory-4.3.jar:/home/rmuruge/.m2/repository/org/hamcrest/java-hamcrest/2.0.0.0/java-hamcrest-2.0.0.0.jar:/home/rmuruge/.m2/repository/org/seleniumhq/selenium/selenium-java/3.141.59/selenium-java-3.141.59.jar:/home/rmuruge/.m2/repository/org/seleniumhq/selenium/selenium-api/3.141.59/selenium-api-3.141.59.jar:/home/rmuruge/.m2/repository/org/seleniumhq/selenium/selenium-chrome-driver/3.141.59/selenium-chrome-driver-3.141.59.jar:/home/rmuruge/.m2/repository/org/seleniumhq/selenium/selenium-edge-driver/3.141.59/selenium-edge-driver-3.141.59.jar:/home/rmuruge/.m2/repository/org/seleniumhq/selenium/selenium-firefox-driver/3.141.59/selenium-firefox-driver-3.141.59.jar:/home/rmuruge/.m2/repository/org/seleniumhq/selenium/selenium-ie-driver/3.141.59/selenium-ie-driver-3.141.59.jar:/home/rmuruge/.m2/repository/org/seleniumhq/selenium/selenium-opera-driver/3.141.59/selenium-opera-driver-3.141.59.jar:/home/rmuruge/.m2/repository/org/seleniumhq/selenium/selenium-remote-driver/3.141.59/selenium-remote-driver-3.141.59.jar:/home/rmuruge/.m2/repository/org/seleniumhq/selenium/selenium-safari-driver/3.141.59/selenium-safari-driver-3.141.59.jar:/home/rmuruge/.m2/repository/org/seleniumhq/selenium/selenium-support/3.141.59/selenium-support-3.141.59.jar:/home/rmuruge/.m2/repository/net/bytebuddy/byte-buddy/1.8.15/byte-buddy-1.8.15.jar:/home/rmuruge/.m2/repository/org/apache/commons/commons-exec/1.3/commons-exec-1.3.jar:/home/rmuruge/.m2/repository/com/google/guava/guava/25.0-jre/guava-25.0-jre.jar:/home/rmuruge/.m2/repository/com/google/code/findbugs/jsr305/1.3.9/jsr305-1.3.9.jar:/home/rmuruge/.m2/repository/org/checkerframework/checker-compat-qual/2.0.0/checker-compat-qual-2.0.0.jar:/home/rmuruge/.m2/repository/com/google/errorprone/error_prone_annotations/2.1.3/error_prone_annotations-2.1.3.jar:/home/rmuruge/.m2/repository/com/google/j2objc/j2objc-annotations/1.1/j2objc-annotations-1.1.jar:/home/rmuruge/.m2/repository/org/codehaus/mojo/animal-sniffer-annotations/1.14/animal-sniffer-annotations-1.14.jar:/home/rmuruge/.m2/repository/com/squareup/okhttp3/okhttp/3.11.0/okhttp-3.11.0.jar:/home/rmuruge/.m2/repository/com/squareup/okio/okio/1.14.0/okio-1.14.0.jar:/home/rmuruge/.m2/repository/log4j/log4j/1.2.17/log4j-1.2.17.jar:/home/rmuruge/.m2/repository/com/beust/jcommander/1.72/jcommander-1.72.jar:/home/rmuruge/.m2/repository/io/cucumber/cucumber-html/0.2.7/cucumber-html-0.2.7.jar:/home/rmuruge/.m2/repository/net/masterthought/cucumber-reporting/5.3.0/cucumber-reporting-5.3.0.jar:/home/rmuruge/.m2/repository/com/fasterxml/jackson/core/jackson-databind/2.10.1/jackson-databind-2.10.1.jar:/home/rmuruge/.m2/repository/com/fasterxml/jackson/core/jackson-annotations/2.10.1/jackson-annotations-2.10.1.jar:/home/rmuruge/.m2/repository/com/fasterxml/jackson/core/jackson-core/2.10.1/jackson-core-2.10.1.jar:/home/rmuruge/.m2/repository/com/fasterxml/jackson/datatype/jackson-datatype-jsr310/2.10.1/jackson-datatype-jsr310-2.10.1.jar:/home/rmuruge/.m2/repository/org/apache/velocity/velocity-engine-core/2.1/velocity-engine-core-2.1.jar:/home/rmuruge/.m2/repository/org/slf4j/slf4j-api/1.7.26/slf4j-api-1.7.26.jar:/home/rmuruge/.m2/repository/commons-collections/commons-collections/3.2.2/commons-collections-3.2.2.jar:/home/rmuruge/.m2/repository/joda-time/joda-time/2.10.5/joda-time-2.10.5.jar:/home/rmuruge/.m2/repository/org/apache/commons/commons-lang3/3.9/commons-lang3-3.9.jar:/home/rmuruge/.m2/repository/commons-io/commons-io/2.6/commons-io-2.6.jar:/home/rmuruge/.m2/repository/org/codehaus/plexus/plexus-utils/3.3.0/plexus-utils-3.3.0.jar:/home/rmuruge/.m2/repository/org/jsoup/jsoup/1.12.1/jsoup-1.12.1.jar:/home/rmuruge/.m2/repository/com/googlecode/owasp-java-html-sanitizer/owasp-java-html-sanitizer/20191001.1/owasp-java-html-sanitizer-20191001.1.jar:/home/rmuruge/.m2/repository/commons-configuration/commons-configuration/1.10/commons-configuration-1.10.jar:/home/rmuruge/.m2/repository/commons-lang/commons-lang/2.6/commons-lang-2.6.jar:/home/rmuruge/.m2/repository/commons-logging/commons-logging/1.1.1/commons-logging-1.1.1.jar:/home/rmuruge/.m2/repository/io/cucumber/cucumber-testng/6.5.1/cucumber-testng-6.5.1.jar:/home/rmuruge/.m2/repository/org/apiguardian/apiguardian-api/1.1.0/apiguardian-api-1.1.0.jar:/home/rmuruge/.m2/repository/io/cucumber/cucumber-junit/6.5.1/cucumber-junit-6.5.1.jar:/home/rmuruge/.m2/repository/junit/junit/4.13/junit-4.13.jar:/home/rmuruge/.m2/repository/org/hamcrest/hamcrest-core/1.3/hamcrest-core-1.3.jar:/home/rmuruge/.m2/repository/io/cucumber/cucumber-core/6.5.1/cucumber-core-6.5.1.jar:/home/rmuruge/.m2/repository/io/cucumber/cucumber-gherkin/6.5.1/cucumber-gherkin-6.5.1.jar:/home/rmuruge/.m2/repository/io/cucumber/cucumber-gherkin-messages/6.5.1/cucumber-gherkin-messages-6.5.1.jar:/home/rmuruge/.m2/repository/io/cucumber/messages/13.0.1/messages-13.0.1.jar:/home/rmuruge/.m2/repository/io/cucumber/tag-expressions/3.0.0/tag-expressions-3.0.0.jar:/home/rmuruge/.m2/repository/io/cucumber/cucumber-expressions/10.3.0/cucumber-expressions-10.3.0.jar:/home/rmuruge/.m2/repository/io/cucumber/datatable/3.4.0/datatable-3.4.0.jar:/home/rmuruge/.m2/repository/io/cucumber/cucumber-plugin/6.5.1/cucumber-plugin-6.5.1.jar:/home/rmuruge/.m2/repository/io/cucumber/docstring/6.5.1/docstring-6.5.1.jar:/home/rmuruge/.m2/repository/io/cucumber/html-formatter/9.0.0/html-formatter-9.0.0.jar:/home/rmuruge/.m2/repository/io/cucumber/create-meta/2.0.1/create-meta-2.0.1.jar:/home/rmuruge/.m2/repository/io/cucumber/cucumber-java/6.5.1/cucumber-java-6.5.1.jar:/home/rmuruge/.m2/repository/io/cucumber/gherkin/15.0.2/gherkin-15.0.2.jar:"/>
    <property name="sun.cpu.endian" value="little"/>
    <property name="user.home" value="/home/rmuruge"/>
    <property name="user.language" value="en"/>
    <property name="java.specification.vendor" value="Oracle Corporation"/>
    <property name="java.version.date" value="2020-07-14"/>
    <property name="java.home" value="/usr/lib/jvm/java-11-openjdk-amd64"/>
    <property name="file.separator" value="/"/>
    <property name="basedir" value="/home/rmuruge/eclipse-workspace/cucumber-project/selenium-cucumber-framework"/>
    <property name="java.vm.compressedOopsMode" value="32-bit"/>
    <property name="line.separator" value="&#10;"/>
    <property name="java.specification.name" value="Java Platform API Specification"/>
    <property name="java.vm.specification.vendor" value="Oracle Corporation"/>
    <property name="java.awt.graphicsenv" value="sun.awt.X11GraphicsEnvironment"/>
    <property name="surefire.real.class.path" value="/home/rmuruge/eclipse-workspace/cucumber-project/selenium-cucumber-framework/target/surefire/surefirebooter7417400905187443178.jar"/>
    <property name="sun.management.compiler" value="HotSpot 64-Bit Tiered Compilers"/>
    <property name="java.runtime.version" value="11.0.8+10-post-Ubuntu-0ubuntu120.04"/>
    <property name="user.name" value="rmuruge"/>
    <property name="path.separator" value=":"/>
    <property name="os.version" value="5.4.0-42-generic"/>
    <property name="java.runtime.name" value="OpenJDK Runtime Environment"/>
    <property name="file.encoding" value="UTF-8"/>
    <property name="java.vm.name" value="OpenJDK 64-Bit Server VM"/>
    <property name="localRepository" value="/home/rmuruge/.m2/repository"/>
    <property name="java.vendor.url.bug" value="https://bugs.launchpad.net/ubuntu/+source/openjdk-lts"/>
    <property name="java.io.tmpdir" value="/tmp"/>
    <property name="java.version" value="11.0.8"/>
    <property name="user.dir" value="/home/rmuruge/eclipse-workspace/cucumber-project/selenium-cucumber-framework"/>
    <property name="os.arch" value="amd64"/>
    <property name="java.vm.specification.name" value="Java Virtual Machine Specification"/>
    <property name="java.awt.printerjob" value="sun.print.PSPrinterJob"/>
    <property name="sun.os.patch.level" value="unknown"/>
    <property name="java.library.path" value="/usr/java/packages/lib:/usr/lib/x86_64-linux-gnu/jni:/lib/x86_64-linux-gnu:/usr/lib/x86_64-linux-gnu:/usr/lib/jni:/lib:/usr/lib"/>
    <property name="java.vm.info" value="mixed mode, sharing"/>
    <property name="java.vendor" value="Ubuntu"/>
    <property name="java.vm.version" value="11.0.8+10-post-Ubuntu-0ubuntu120.04"/>
    <property name="sun.io.unicode.encoding" value="UnicodeLittle"/>
    <property name="java.class.version" value="55.0"/>
  </properties>
  <testcase name="runScenario" classname="auto.framework.RunCucumberShopCluesTest" time="15.671"/>
</testsuite>