<?xml version="1.0" encoding="UTF-8"?>
<!-- Generated by org.testng.reporters.JUnitReportReporter -->
<testsuite hostname="autodev" failures="0" tests="1" name="auto.framework.RunCucumberShopCluesTest" time="15.670" errors="0" timestamp="2020-08-24T02:16:10 CDT" skipped="0">
  <testcase classname="auto.framework.RunCucumberShopCluesTest" name="runScenario" time="15.670"/>
  <system-out/>
</testsuite> <!-- auto.framework.RunCucumberShopCluesTest -->
