<?xml version="1.0" encoding="UTF-8"?>
<!-- Generated by org.testng.reporters.JUnitReportReporter -->
<testsuite hostname="autodev" failures="0" tests="4" name="auto.framework.sample.SampleTestNgTest" time="7.795" errors="0" timestamp="2020-08-23T10:35:13 CDT" skipped="0">
  <testcase classname="auto.framework.sample.SampleTestNgTest" name="testObserver3Dropdowns" time="6.530"/>
  <system-out/>
  <testcase classname="auto.framework.sample.SampleTestNgTest" name="testSelectCountry" time="0.528"/>
  <system-out/>
  <testcase classname="auto.framework.sample.SampleTestNgTest" name="testSelectRegion" time="0.372"/>
  <system-out/>
  <testcase classname="auto.framework.sample.SampleTestNgTest" name="testCityName" time="0.365"/>
  <system-out/>
</testsuite> <!-- auto.framework.sample.SampleTestNgTest -->
