<?xml version="1.0" encoding="UTF-8"?>
<!-- Generated by org.testng.reporters.JUnitReportReporter -->
<testsuite hostname="autodev" failures="0" tests="1" name="auto.framework.RunCucumberShopCluesTest" time="20.065" errors="0" timestamp="2020-08-29T13:13:20 CDT" skipped="0">
  <testcase classname="auto.framework.RunCucumberShopCluesTest" name="runScenario" time="20.065"/>
  <system-out/>
</testsuite> <!-- auto.framework.RunCucumberShopCluesTest -->
